The system is: CYGWIN - 3.4.5-1.x86_64 - x86_64
Compiling the C compiler identification source file "CMakeCCompilerId.c" succeeded.
Compiler: /usr/bin/cc 
Build flags: 
Id flags:  

The output was:
0


Compilation of the C compiler identification source "CMakeCCompilerId.c" produced "a.exe"

The C compiler identification is GNU, found in "/cygdrive/c/Users/adszyman/Desktop/NOKIA/13_MENTOR/C++/MyChessAbstraction/CMakeFiles/3.17.3/CompilerIdC/a.exe"

Compiling the CXX compiler identification source file "CMakeCXXCompilerId.cpp" succeeded.
Compiler: /usr/bin/c++.exe 
Build flags: 
Id flags:  

The output was:
0


Compilation of the CXX compiler identification source "CMakeCXXCompilerId.cpp" produced "a.exe"

The CXX compiler identification is GNU, found in "/cygdrive/c/Users/adszyman/Desktop/NOKIA/13_MENTOR/C++/MyChessAbstraction/CMakeFiles/3.17.3/CompilerIdCXX/a.exe"

The system is: CYGWIN - 3.4.5-1.x86_64 - x86_64
Compiling the C compiler identification source file "CMakeCCompilerId.c" succeeded.
Compiler: /usr/bin/cc 
Build flags: 
Id flags:  

The output was:
0


Compilation of the C compiler identification source "CMakeCCompilerId.c" produced "a.exe"

The C compiler identification is GNU, found in "/cygdrive/c/Users/adszyman/Desktop/NOKIA/13_MENTOR/C++/MyChessAbstraction/CMakeFiles/3.17.3/CompilerIdC/a.exe"

Compiling the CXX compiler identification source file "CMakeCXXCompilerId.cpp" succeeded.
Compiler: /usr/bin/c++.exe 
Build flags: 
Id flags:  

The output was:
0


Compilation of the CXX compiler identification source "CMakeCXXCompilerId.cpp" produced "a.exe"

The CXX compiler identification is GNU, found in "/cygdrive/c/Users/adszyman/Desktop/NOKIA/13_MENTOR/C++/MyChessAbstraction/CMakeFiles/3.17.3/CompilerIdCXX/a.exe"

The system is: CYGWIN - 3.4.5-1.x86_64 - x86_64
Compiling the C compiler identification source file "CMakeCCompilerId.c" succeeded.
Compiler: /usr/bin/cc 
Build flags: 
Id flags:  

The output was:
0


Compilation of the C compiler identification source "CMakeCCompilerId.c" produced "a.exe"

The C compiler identification is GNU, found in "/cygdrive/c/Users/adszyman/Desktop/NOKIA/13_MENTOR/C++/MyChessAbstraction/CMakeFiles/3.17.3/CompilerIdC/a.exe"

Compiling the CXX compiler identification source file "CMakeCXXCompilerId.cpp" succeeded.
Compiler: /usr/bin/c++.exe 
Build flags: 
Id flags:  

The output was:
0


Compilation of the CXX compiler identification source "CMakeCXXCompilerId.cpp" produced "a.exe"

The CXX compiler identification is GNU, found in "/cygdrive/c/Users/adszyman/Desktop/NOKIA/13_MENTOR/C++/MyChessAbstraction/CMakeFiles/3.17.3/CompilerIdCXX/a.exe"

